<?xml version="1.0" encoding="UTF-8"?>
<testsuite xmlns:xsi="http://www.w3.org/2001/XMLSchema-instance" xsi:noNamespaceSchemaLocation="https://maven.apache.org/surefire/maven-surefire-plugin/xsd/surefire-test-report.xsd" name="org.jitsi.jibri.selenium.SeleniumStateMachineTest" time="0.085" tests="4" errors="0" skipped="0" failures="0">
  <properties>
[...]
</properties>
  <testcase name="transition to running" classname="org.jitsi.jibri.selenium.SeleniumStateMachineTest" time="0.003"/>
  <testcase name="transition to error" classname="org.jitsi.jibri.selenium.SeleniumStateMachineTest" time="0.001"/>
  <testcase name="not fire another update" classname="org.jitsi.jibri.selenium.SeleniumStateMachineTest" time="0.001"/>
  <testcase name="throw an exception" classname="org.jitsi.jibri.selenium.SeleniumStateMachineTest" time="0.002"/>
</testsuite>